<?xml version="1.0" encoding="UTF-8"?>
<testsuite name="com.munvo.fileimport.bl.common.ProjectBLTest" tests="1" skipped="0" failures="0" errors="0" timestamp="2019-08-21T18:18:12" hostname="L0216" time="0.36">
  <properties/>
  <testcase name="testGetAllProjectsBL" classname="com.munvo.fileimport.bl.common.ProjectBLTest" time="0.36"/>
  <system-out><![CDATA[]]></system-out>
  <system-err><![CDATA[]]></system-err>
</testsuite>
